<?xml version="1.0" encoding="UTF-8"?>
<!-- Generated by org.testng.reporters.JUnitXMLReporter -->
<testsuite hostname="SRK" ignored="0" name="Create Customer API" tests="6" failures="3" timestamp="12 Nov 2020 10:03:55 GMT" time="14.535" errors="0">
  <testcase name="validateCreateCustWithValidKey" time="5.12" classname="com.w2a.testcases.DataUsingHashtable"/>
  <testcase name="validateCreateCustWithValidKey" time="1.718" classname="com.w2a.testcases.DataUsingHashtable"/>
  <testcase name="validateCreateCustWithValidKey" time="1.855" classname="com.w2a.testcases.DataUsingHashtable"/>
  <testcase name="validateCreateCustWithInValidKey" time="1.871" classname="com.w2a.testcases.DataUsingHashtable">
    <failure type="java.lang.AssertionError" message="expected [200] but found [401]">
      <![CDATA[java.lang.AssertionError: expected [200] but found [401]
at com.w2a.testcases.DataUsingHashtable.validateCreateCustWithInValidKey(DataUsingHashtable.java:49)
... Removed 31 stack frames]]>
    </failure>
  </testcase> <!-- validateCreateCustWithInValidKey -->
  <testcase name="validateCreateCustWithInValidKey" time="1.97" classname="com.w2a.testcases.DataUsingHashtable">
    <failure type="java.lang.AssertionError" message="expected [200] but found [401]">
      <![CDATA[java.lang.AssertionError: expected [200] but found [401]
at com.w2a.testcases.DataUsingHashtable.validateCreateCustWithInValidKey(DataUsingHashtable.java:49)
... Removed 31 stack frames]]>
    </failure>
  </testcase> <!-- validateCreateCustWithInValidKey -->
  <testcase name="validateCreateCustWithInValidKey" time="1.757" classname="com.w2a.testcases.DataUsingHashtable">
    <failure type="java.lang.AssertionError" message="expected [200] but found [401]">
      <![CDATA[java.lang.AssertionError: expected [200] but found [401]
at com.w2a.testcases.DataUsingHashtable.validateCreateCustWithInValidKey(DataUsingHashtable.java:49)
... Removed 31 stack frames]]>
    </failure>
  </testcase> <!-- validateCreateCustWithInValidKey -->
</testsuite> <!-- Create Customer API -->
